<?xml version="1.0" encoding="UTF-8"?>
<!-- Generated by org.testng.reporters.JUnitReportReporter -->
<testsuite hostname="IbrahimJr" failures="0" tests="1" name="com.inetbanking.testcases.TC_Login_001" time="1.604" errors="0" timestamp="2022-01-16T22:47:20 IST" skipped="0">
  <testcase classname="com.inetbanking.testcases.TC_Login_001" name="login_Test" time="1.604"/>
  <system-out/>
</testsuite> <!-- com.inetbanking.testcases.TC_Login_001 -->
